1 -1e+80
2 -1e+80
3 -1e+80
4 1.77268
5 2.00987
6 2.18737
7 2.32369
8 2.42991
9 2.5132
10 2.57847
11 2.62922
12 2.66806
13 2.69694
14 2.71739
15 2.73064
16 2.73767
17 2.73926
18 2.73609
19 2.72871
20 2.71759
21 2.70314
22 2.68569
23 2.66554
24 2.64296
25 2.61817
26 2.59137
27 2.56274
28 2.53244
29 2.50062
30 2.46738
31 2.43286
32 2.39715
33 2.36035
34 2.32254
35 2.28379
36 2.24419
37 2.20378
38 2.16264
39 2.12082
40 2.07836
41 2.03532
42 1.99173
43 1.94764
44 1.90308
45 1.85808
46 1.81269
47 1.76692
48 1.7208
49 1.67437
50 1.62764
51 1.58064
52 1.53338
53 1.4859
54 1.4382
55 1.3903
56 1.34223
57 1.29399
58 1.24561
59 1.19708
60 1.14844
61 1.09969
62 1.05083
63 1.00189
64 0.952875
65 0.90379
66 0.854646
67 0.805453
68 0.75622
69 0.706953
70 0.65766
71 0.608349
72 0.559027
73 0.509699
74 0.460371
75 0.411051
76 0.361742
77 0.312451
78 0.263183
79 0.213941
80 0.164731
81 0.115558
82 0.0664238
83 0.0173341
84 -0.031708
85 -0.0806988
86 -0.129635
87 -0.178513
88 -0.227331
89 -0.276084
90 -0.324771
91 -0.373389
92 -0.421935
93 -0.470407
94 -0.518802
95 -0.567118
96 -0.615354
97 -0.663507
98 -0.711575
99 -0.759556
100 -0.80745
101 -0.855254
102 -0.902966
103 -0.950585
104 -0.99811
105 -1.04554
106 -1.09287
107 -1.14011
108 -1.18724
109 -1.23428
110 -1.28121
111 -1.32804
112 -1.37477
113 -1.42139
114 -1.46791
115 -1.51432
116 -1.56063
117 -1.60683
118 -1.65292
119 -1.6989
120 -1.74478
121 -1.79054
122 -1.8362
123 -1.88174
124 -1.92717
125 -1.97249
126 -2.0177
127 -2.0628
128 -2.10778
129 -2.15265
130 -2.19741
131 -2.24205
132 -2.28658
133 -2.331
134 -2.3753
135 -2.41949
136 -2.46356
137 -2.50752
138 -2.55136
139 -2.59509
140 -2.63871
141 -2.68221
142 -2.72559
143 -2.76886
144 -2.81202
145 -2.85505
146 -2.89798
147 -2.94079
148 -2.98348
149 -3.02606
150 -3.06852
151 -3.11087
152 -3.15311
153 -3.19523
154 -3.23723
155 -3.27912
156 -3.3209
157 -3.36256
158 -3.40411
159 -3.44555
160 -3.48687
161 -3.52807
162 -3.56917
163 -3.61015
164 -3.65101
165 -3.69177
166 -3.73241
167 -3.77294
168 -3.81335
169 -3.85366
170 -3.89385
171 -3.93393
172 -3.9739
173 -4.01376
174 -4.05351
175 -4.09315
176 -4.13267
177 -4.17209
178 -4.21139
179 -4.25059
180 -4.28968
181 -4.32866
182 -4.36753
183 -4.40629
184 -4.44494
185 -4.48348
186 -4.52192
187 -4.56025
188 -4.59847
189 -4.63658
190 -4.67459
191 -4.71249
192 -4.75029
193 -4.78798
194 -4.82556
195 -4.86304
196 -4.90042
197 -4.93769
198 -4.97485
199 -5.01192
200 -5.04887
201 -5.08573
202 -5.12248
203 -5.15913
204 -5.19568
205 -5.23212
206 -5.26847
207 -5.30471
208 -5.34085
209 -5.37689
210 -5.41283
211 -5.44867
212 -5.4844
213 -5.52004
214 -5.55558
215 -5.59103
216 -5.62637
217 -5.66161
218 -5.69676
219 -5.73181
220 -5.76676
221 -5.80162
222 -5.83637
223 -5.87104
224 -5.9056
225 -5.94007
226 -5.97445
227 -6.00873
228 -6.04291
229 -6.077
230 -6.111
231 -6.1449
232 -6.17871
233 -6.21243
234 -6.24605
235 -6.27958
236 -6.31302
237 -6.34636
238 -6.37962
239 -6.41278
240 -6.44586
241 -6.47884
242 -6.51173
243 -6.54453
244 -6.57724
245 -6.60987
246 -6.6424
247 -6.67485
248 -6.7072
249 -6.73947
250 -6.77165
251 -6.80374
252 -6.83575
253 -6.86767
254 -6.8995
255 -6.93125
256 -6.96291
257 -6.99448
258 -7.02597
259 -7.05738
260 -7.0887
261 -7.11993
262 -7.15108
263 -7.18215
264 -7.21313
265 -7.24403
266 -7.27485
267 -7.30558
268 -7.33623
269 -7.3668
270 -7.39729
271 -7.4277
272 -7.45802
273 -7.48827
274 -7.51843
275 -7.54852
276 -7.57852
277 -7.60844
278 -7.63829
279 -7.66805
280 -7.69774
281 -7.72735
282 -7.75687
283 -7.78633
284 -7.8157
285 -7.84499
286 -7.87421
287 -7.90335
288 -7.93242
289 -7.96141
290 -7.99032
291 -8.01916
292 -8.04792
293 -8.0766
294 -8.10521
295 -8.13375
296 -8.16221
297 -8.1906
298 -8.21891
299 -8.24715
300 -8.27531
301 -8.30341
302 -8.33143
303 -8.35937
304 -8.38725
305 -8.41505
306 -8.44278
307 -8.47044
308 -8.49803
309 -8.52555
310 -8.55299
311 -8.58037
312 -8.60767
313 -8.63491
314 -8.66207
315 -8.68917
316 -8.71619
317 -8.74315
318 -8.77004
319 -8.79686
320 -8.82361
321 -8.85029
322 -8.8769
323 -8.90345
324 -8.92993
325 -8.95634
326 -8.98269
327 -9.00897
328 -9.03518
329 -9.06133
330 -9.08741
331 -9.11342
332 -9.13937
333 -9.16526
334 -9.19108
335 -9.21683
336 -9.24252
337 -9.26815
338 -9.29371
339 -9.31921
340 -9.34464
341 -9.37001
342 -9.39532
343 -9.42056
344 -9.44574
345 -9.47086
346 -9.49592
347 -9.52091
348 -9.54584
349 -9.57071
350 -9.59552
351 -9.62027
352 -9.64496
353 -9.66959
354 -9.69415
355 -9.71866
356 -9.7431
357 -9.76749
358 -9.79181
359 -9.81608
360 -9.84028
361 -9.86443
362 -9.88852
363 -9.91255
364 -9.93652
365 -9.96043
366 -9.98429
367 -10.0081
368 -10.0318
369 -10.0555
370 -10.0791
371 -10.1027
372 -10.1262
373 -10.1497
374 -10.1731
375 -10.1964
376 -10.2197
377 -10.2429
378 -10.2661
379 -10.2892
380 -10.3123
381 -10.3353
382 -10.3582
383 -10.3811
384 -10.404
385 -10.4268
386 -10.4495
387 -10.4722
388 -10.4948
389 -10.5174
390 -10.5399
391 -10.5624
392 -10.5848
393 -10.6071
394 -10.6294
395 -10.6517
396 -10.6739
397 -10.696
398 -10.7181
399 -10.7402
400 -10.7622
401 -10.7841
402 -10.806
403 -10.8278
404 -10.8496
405 -10.8714
406 -10.8931
407 -10.9147
408 -10.9363
409 -10.9578
410 -10.9793
411 -11.0007
412 -11.0221
413 -11.0435
414 -11.0648
415 -11.086
416 -11.1072
417 -11.1283
418 -11.1494
419 -11.1705
420 -11.1915
421 -11.2124
422 -11.2333
423 -11.2542
424 -11.275
425 -11.2957
426 -11.3164
427 -11.3371
428 -11.3577
429 -11.3783
430 -11.3988
431 -11.4193
432 -11.4397
433 -11.4601
434 -11.4804
435 -11.5007
436 -11.521
437 -11.5412
438 -11.5613
439 -11.5814
440 -11.6015
441 -11.6215
442 -11.6415
443 -11.6614
444 -11.6813
445 -11.7011
446 -11.7209
447 -11.7407
448 -11.7604
449 -11.78
450 -11.7997
451 -11.8192
452 -11.8388
453 -11.8583
454 -11.8777
455 -11.8971
456 -11.9165
457 -11.9358
458 -11.9551
459 -11.9743
460 -11.9935
461 -12.0126
462 -12.0317
463 -12.0508
464 -12.0698
465 -12.0888
466 -12.1077
467 -12.1266
468 -12.1455
469 -12.1643
470 -12.1831
471 -12.2018
472 -12.2205
473 -12.2391
474 -12.2577
475 -12.2763
476 -12.2948
477 -12.3133
478 -12.3318
479 -12.3502
480 -12.3686
481 -12.3869
482 -12.4052
483 -12.4234
484 -12.4416
485 -12.4598
486 -12.4779
487 -12.496
488 -12.5141
489 -12.5321
490 -12.5501
491 -12.568
492 -12.5859
493 -12.6038
494 -12.6216
495 -12.6394
496 -12.6572
497 -12.6749
498 -12.6926
499 -12.7102
500 -12.7278
501 -12.7454
502 -12.7629
503 -12.7804
504 -12.7978
505 -12.8152
506 -12.8326
507 -12.85
508 -12.8673
509 -12.8845
510 -12.9018
511 -12.919
512 -12.9361
513 -12.9533
514 -12.9703
515 -12.9874
516 -13.0044
517 -13.0214
518 -13.0383
519 -13.0553
520 -13.0721
521 -13.089
522 -13.1058
523 -13.1226
524 -13.1393
525 -13.156
526 -13.1727
527 -13.1893
528 -13.2059
529 -13.2225
530 -13.239
531 -13.2555
532 -13.272
533 -13.2884
534 -13.3048
535 -13.3212
536 -13.3375
537 -13.3538
538 -13.3701
539 -13.3863
540 -13.4025
541 -13.4187
542 -13.4348
543 -13.4509
544 -13.467
545 -13.483
546 -13.499
547 -13.515
548 -13.5309
549 -13.5468
550 -13.5627
551 -13.5785
552 -13.5943
553 -13.6101
554 -13.6258
555 -13.6416
556 -13.6572
557 -13.6729
558 -13.6885
559 -13.7041
560 -13.7197
561 -13.7352
562 -13.7507
563 -13.7662
564 -13.7816
565 -13.797
566 -13.8124
567 -13.8277
568 -13.843
569 -13.8583
570 -13.8736
571 -13.8888
572 -13.904
573 -13.9191
574 -13.9343
575 -13.9494
576 -13.9644
577 -13.9795
578 -13.9945
579 -14.0095
580 -14.0244
581 -14.0394
582 -14.0543
583 -14.0691
584 -14.084
585 -14.0988
586 -14.1135
587 -14.1283
588 -14.143
589 -14.1577
590 -14.1724
591 -14.187
592 -14.2016
593 -14.2162
594 -14.2308
595 -14.2453
596 -14.2598
597 -14.2743
598 -14.2887
599 -14.3031
600 -14.3175
601 -14.3319
602 -14.3462
603 -14.3605
604 -14.3748
605 -14.389
606 -14.4032
607 -14.4174
608 -14.4316
609 -14.4457
610 -14.4598
611 -14.4739
612 -14.488
613 -14.502
614 -14.516
615 -14.53
616 -14.544
617 -14.5579
618 -14.5718
619 -14.5857
620 -14.5995
621 -14.6133
622 -14.6271
623 -14.6409
624 -14.6546
625 -14.6684
626 -14.682
627 -14.6957
628 -14.7094
629 -14.723
630 -14.7366
631 -14.7501
632 -14.7637
633 -14.7772
634 -14.7907
635 -14.8041
636 -14.8176
637 -14.831
638 -14.8444
639 -14.8577
640 -14.8711
641 -14.8844
642 -14.8977
643 -14.9109
644 -14.9242
645 -14.9374
646 -14.9506
647 -14.9638
648 -14.9769
649 -14.99
650 -15.0031
651 -15.0162
652 -15.0292
653 -15.0423
654 -15.0553
655 -15.0682
656 -15.0812
657 -15.0941
658 -15.107
659 -15.1199
660 -15.1328
661 -15.1456
662 -15.1584
663 -15.1712
664 -15.184
665 -15.1967
666 -15.2094
667 -15.2221
668 -15.2348
669 -15.2474
670 -15.2601
671 -15.2727
672 -15.2852
673 -15.2978
674 -15.3103
675 -15.3229
676 -15.3353
677 -15.3478
678 -15.3603
679 -15.3727
680 -15.3851
681 -15.3975
682 -15.4098
683 -15.4222
684 -15.4345
685 -15.4468
686 -15.459
687 -15.4713
688 -15.4835
689 -15.4957
690 -15.5079
691 -15.5201
692 -15.5322
693 -15.5443
694 -15.5564
695 -15.5685
696 -15.5805
697 -15.5926
698 -15.6046
699 -15.6166
700 -15.6286
701 -15.6405
702 -15.6524
703 -15.6643
704 -15.6762
705 -15.6881
706 -15.6999
707 -15.7118
708 -15.7236
709 -15.7353
710 -15.7471
711 -15.7588
712 -15.7706
713 -15.7823
714 -15.7939
715 -15.8056
716 -15.8172
717 -15.8289
718 -15.8405
719 -15.852
720 -15.8636
721 -15.8751
722 -15.8867
723 -15.8982
724 -15.9096
725 -15.9211
726 -15.9325
727 -15.944
728 -15.9554
729 -15.9667
730 -15.9781
731 -15.9895
732 -16.0008
733 -16.0121
734 -16.0234
735 -16.0346
736 -16.0459
737 -16.0571
738 -16.0683
739 -16.0795
740 -16.0907
741 -16.1018
742 -16.113
743 -16.1241
744 -16.1352
745 -16.1462
746 -16.1573
747 -16.1683
748 -16.1794
749 -16.1904
750 -16.2013
751 -16.2123
752 -16.2232
753 -16.2342
754 -16.2451
755 -16.256
756 -16.2668
757 -16.2777
758 -16.2885
759 -16.2993
760 -16.3101
761 -16.3209
762 -16.3317
763 -16.3424
764 -16.3532
765 -16.3639
766 -16.3746
767 -16.3852
768 -16.3959
769 -16.4065
770 -16.4172
771 -16.4278
772 -16.4383
773 -16.4489
774 -16.4595
775 -16.47
776 -16.4805
777 -16.491
778 -16.5015
779 -16.512
780 -16.5224
781 -16.5328
782 -16.5433
783 -16.5536
784 -16.564
785 -16.5744
786 -16.5847
787 -16.5951
788 -16.6054
789 -16.6157
790 -16.6259
791 -16.6362
792 -16.6464
793 -16.6567
794 -16.6669
795 -16.6771
796 -16.6873
797 -16.6974
798 -16.7076
799 -16.7177
800 -16.7278
801 -16.7379
802 -16.748
803 -16.758
804 -16.7681
805 -16.7781
806 -16.7881
807 -16.7981
808 -16.8081
809 -16.8181
810 -16.828
811 -16.838
812 -16.8479
813 -16.8578
814 -16.8677
815 -16.8775
816 -16.8874
817 -16.8972
818 -16.9071
819 -16.9169
820 -16.9267
821 -16.9364
822 -16.9462
823 -16.9559
824 -16.9657
825 -16.9754
826 -16.9851
827 -16.9948
828 -17.0044
829 -17.0141
830 -17.0237
831 -17.0333
832 -17.043
833 -17.0525
834 -17.0621
835 -17.0717
836 -17.0812
837 -17.0908
838 -17.1003
839 -17.1098
840 -17.1193
841 -17.1287
842 -17.1382
843 -17.1476
844 -17.1571
845 -17.1665
846 -17.1759
847 -17.1853
848 -17.1946
849 -17.204
850 -17.2133
851 -17.2227
852 -17.232
853 -17.2413
854 -17.2505
855 -17.2598
856 -17.2691
857 -17.2783
858 -17.2875
859 -17.2967
860 -17.3059
861 -17.3151
862 -17.3243
863 -17.3334
864 -17.3426
865 -17.3517
866 -17.3608
867 -17.3699
868 -17.379
869 -17.3881
870 -17.3971
871 -17.4062
872 -17.4152
873 -17.4242
874 -17.4332
875 -17.4422
876 -17.4512
877 -17.4601
878 -17.4691
879 -17.478
880 -17.4869
881 -17.4958
882 -17.5047
883 -17.5136
884 -17.5225
885 -17.5313
886 -17.5402
887 -17.549
888 -17.5578
889 -17.5666
890 -17.5754
891 -17.5841
892 -17.5929
893 -17.6016
894 -17.6104
895 -17.6191
896 -17.6278
897 -17.6365
898 -17.6452
899 -17.6538
900 -17.6625
901 -17.6711
902 -17.6798
903 -17.6884
904 -17.697
905 -17.7056
906 -17.7141
907 -17.7227
908 -17.7312
909 -17.7398
910 -17.7483
911 -17.7568
912 -17.7653
913 -17.7738
914 -17.7823
915 -17.7907
916 -17.7992
917 -17.8076
918 -17.8161
919 -17.8245
920 -17.8329
921 -17.8413
922 -17.8496
923 -17.858
924 -17.8663
925 -17.8747
926 -17.883
927 -17.8913
928 -17.8996
929 -17.9079
930 -17.9162
931 -17.9244
932 -17.9327
933 -17.9409
934 -17.9492
935 -17.9574
936 -17.9656
937 -17.9738
938 -17.982
939 -17.9901
940 -17.9983
941 -18.0064
942 -18.0146
943 -18.0227
944 -18.0308
945 -18.0389
946 -18.047
947 -18.055
948 -18.0631
949 -18.0712
950 -18.0792
951 -18.0872
952 -18.0952
953 -18.1032
954 -18.1112
955 -18.1192
956 -18.1272
957 -18.1351
958 -18.1431
959 -18.151
960 -18.159
961 -18.1669
962 -18.1748
963 -18.1827
964 -18.1905
965 -18.1984
966 -18.2063
967 -18.2141
968 -18.2219
969 -18.2298
970 -18.2376
971 -18.2454
972 -18.2532
973 -18.2609
974 -18.2687
975 -18.2765
976 -18.2842
977 -18.2919
978 -18.2997
979 -18.3074
980 -18.3151
981 -18.3228
982 -18.3304
983 -18.3381
984 -18.3458
985 -18.3534
986 -18.3611
987 -18.3687
988 -18.3763
989 -18.3839
990 -18.3915
991 -18.3991
992 -18.4067
993 -18.4142
994 -18.4218
995 -18.4293
996 -18.4368
997 -18.4444
998 -18.4519
999 -18.4594
1000 -18.4668
